\BOOKMARK [0][-]{chapter.1}{Introduction}{}% 1
\BOOKMARK [1][-]{section.1.1}{Motivation}{chapter.1}% 2
\BOOKMARK [1][-]{section.1.2}{Project Objectives}{chapter.1}% 3
\BOOKMARK [1][-]{section.1.3}{Contributions}{chapter.1}% 4
\BOOKMARK [1][-]{section.1.4}{Outline}{chapter.1}% 5
\BOOKMARK [0][-]{chapter.2}{Background}{}% 6
\BOOKMARK [1][-]{section.2.1}{Innovation Community}{chapter.2}% 7
\BOOKMARK [1][-]{section.2.2}{Common Roles in Innovation}{chapter.2}% 8
\BOOKMARK [1][-]{section.2.3}{Innovation Online}{chapter.2}% 9
\BOOKMARK [1][-]{section.2.4}{Security, Privacy, and Trust in Online Communities}{chapter.2}% 10
\BOOKMARK [1][-]{section.2.5}{Related Work}{chapter.2}% 11
\BOOKMARK [1][-]{section.2.6}{Database Security}{chapter.2}% 12
\BOOKMARK [2][-]{subsection.2.6.1}{Threshold Security Schemes}{section.2.6}% 13
\BOOKMARK [2][-]{subsection.2.6.2}{Shamir's Secret Sharing Scheme}{section.2.6}% 14
\BOOKMARK [0][-]{chapter.3}{Requirements}{}% 15
\BOOKMARK [1][-]{section.3.1}{Previous Work}{chapter.3}% 16
\BOOKMARK [2][-]{subsection.3.1.1}{Pitch Cards Conceptualisation}{section.3.1}% 17
\BOOKMARK [2][-]{subsection.3.1.2}{Collaboration Conceptualisation}{section.3.1}% 18
\BOOKMARK [1][-]{section.3.2}{Methodology}{chapter.3}% 19
\BOOKMARK [1][-]{section.3.3}{Functional Requirements}{chapter.3}% 20
\BOOKMARK [1][-]{section.3.4}{Non-functional Requirements}{chapter.3}% 21
\BOOKMARK [0][-]{chapter.4}{Web Application Design}{}% 22
\BOOKMARK [1][-]{section.4.1}{Architecture}{chapter.4}% 23
\BOOKMARK [1][-]{section.4.2}{System Model}{chapter.4}% 24
\BOOKMARK [1][-]{section.4.3}{Technology}{chapter.4}% 25
\BOOKMARK [2][-]{subsection.4.3.1}{Framework Selection}{section.4.3}% 26
\BOOKMARK [2][-]{subsection.4.3.2}{Database Selection}{section.4.3}% 27
\BOOKMARK [1][-]{section.4.4}{Behaviour Driven Development}{chapter.4}% 28
\BOOKMARK [0][-]{chapter.5}{Web Application Implementation}{}% 29
\BOOKMARK [1][-]{section.5.1}{Implementation Details}{chapter.5}% 30
\BOOKMARK [2][-]{subsection.5.1.1}{Pitch Card System}{section.5.1}% 31
\BOOKMARK [2][-]{subsection.5.1.2}{Scope of Disclosure}{section.5.1}% 32
\BOOKMARK [1][-]{section.5.2}{Implementation Challenges}{chapter.5}% 33
\BOOKMARK [2][-]{subsection.5.2.1}{Virtualised Environment}{section.5.2}% 34
\BOOKMARK [2][-]{subsection.5.2.2}{Deployment}{section.5.2}% 35
\BOOKMARK [0][-]{chapter.6}{Threshold Security Scheme}{}% 36
\BOOKMARK [1][-]{section.6.1}{Design}{chapter.6}% 37
\BOOKMARK [2][-]{subsection.6.1.1}{Shamir's Secret Sharing Scheme Service}{section.6.1}% 38
\BOOKMARK [2][-]{subsection.6.1.2}{Overcoming Limitations of Threshold Security Schemes}{section.6.1}% 39
\BOOKMARK [1][-]{section.6.2}{Implementation}{chapter.6}% 40
\BOOKMARK [2][-]{subsection.6.2.1}{Shamir's Secret Sharing Scheme Service}{section.6.2}% 41
\BOOKMARK [2][-]{subsection.6.2.2}{Diverse Secret Keepers}{section.6.2}% 42
\BOOKMARK [0][-]{chapter.7}{Experiment Design and Test Bed}{}% 43
\BOOKMARK [1][-]{section.7.1}{Evaluation Scope}{chapter.7}% 44
\BOOKMARK [1][-]{section.7.2}{Assumptions and Limitations}{chapter.7}% 45
\BOOKMARK [1][-]{section.7.3}{Test Design}{chapter.7}% 46
\BOOKMARK [2][-]{subsection.7.3.1}{Collaboration Functionality}{section.7.3}% 47
\BOOKMARK [2][-]{subsection.7.3.2}{Performance}{section.7.3}% 48
\BOOKMARK [0][-]{chapter.8}{Evaluation}{}% 49
\BOOKMARK [1][-]{section.8.1}{Functionality Evaluation}{chapter.8}% 50
\BOOKMARK [2][-]{subsection.8.1.1}{Test Harness}{section.8.1}% 51
\BOOKMARK [2][-]{subsection.8.1.2}{Test Data}{section.8.1}% 52
\BOOKMARK [2][-]{subsection.8.1.3}{Results}{section.8.1}% 53
\BOOKMARK [2][-]{subsection.8.1.4}{Performance Evaluation}{section.8.1}% 54
\BOOKMARK [1][-]{section.8.2}{Security Testing Method}{chapter.8}% 55
\BOOKMARK [2][-]{subsection.8.2.1}{Security Testing Scope}{section.8.2}% 56
\BOOKMARK [2][-]{subsection.8.2.2}{Threat Taxonomy}{section.8.2}% 57
\BOOKMARK [0][-]{chapter.9}{Summary and Conclusions}{}% 58
\BOOKMARK [1][-]{section.9.1}{A Summary of The Developed Prototypes}{chapter.9}% 59
\BOOKMARK [1][-]{section.9.2}{A Discussion of Online Innovation Collaboration and The Prototypes}{chapter.9}% 60
\BOOKMARK [1][-]{section.9.3}{Future Work}{chapter.9}% 61
\BOOKMARK [2][-]{subsection.9.3.1}{Recommendation Engine}{section.9.3}% 62
\BOOKMARK [2][-]{subsection.9.3.2}{Usability Evaluation/Improvement}{section.9.3}% 63
\BOOKMARK [1][-]{section.9.4}{Final Comments}{chapter.9}% 64
